<?xml version="1.0" encoding="UTF-8"?>
<testsuite name="awis.obd.command.ObdCommandTest" tests="9" skipped="0" failures="0" errors="0" timestamp="2026-09-07T01:12:18.972Z" hostname="awiss-MacBook-Air.local" time="0.036">
  <properties/>
  <testcase name="testTroubleCodesParsing" classname="awis.obd.command.ObdCommandTest" time="0.028"/>
  <testcase name="testSpeedCommandMetricAndImperial" classname="awis.obd.command.ObdCommandTest" time="0.002"/>
  <testcase name="testEngineRpmCommand" classname="awis.obd.command.ObdCommandTest" time="0.001"/>
  <testcase name="testMassAirFlowCommand" classname="awis.obd.command.ObdCommandTest" time="0.0"/>
  <testcase name="testCoolantTempCommand" classname="awis.obd.command.ObdCommandTest" time="0.001"/>
  <testcase name="testThrottleCommand" classname="awis.obd.command.ObdCommandTest" time="0.0"/>
  <testcase name="testEngineRunTimeCommand" classname="awis.obd.command.ObdCommandTest" time="0.002"/>
  <testcase name="testFuelEconomyCalculation" classname="awis.obd.command.ObdCommandTest" time="0.0"/>
  <testcase name="testDtcNumberCommand" classname="awis.obd.command.ObdCommandTest" time="0.002"/>
  <system-out><![CDATA[]]></system-out>
  <system-err><![CDATA[]]></system-err>
</testsuite>
